<?xml version="1.0" encoding="UTF-8"?>
<!-- Generated by org.testng.reporters.JUnitReportReporter -->
<testsuite hostname="DESKTOP-HILFICR" failures="0" tests="1" name="TestCases.VerifyCartValue" time="0.895" errors="0" timestamp="2022-12-21T14:25:50 IST" skipped="0">
  <testcase classname="TestCases.VerifyCartValue" name="VerifyCartVal" time="0.895"/>
  <system-out/>
</testsuite> <!-- TestCases.VerifyCartValue -->
