<?xml version="1.0" encoding="UTF-8"?>
<!-- Generated by org.testng.reporters.JUnitReportReporter -->
<testsuite hostname="DESKTOP-HILFICR" failures="0" tests="1" name="TestCases.LoginTestCase" time="1.659" errors="0" timestamp="2022-12-21T14:47:02 IST" skipped="0">
  <testcase classname="TestCases.LoginTestCase" name="verifyLogin" time="1.659"/>
  <system-out/>
</testsuite> <!-- TestCases.LoginTestCase -->
