<?xml version="1.0" encoding="UTF-8"?>
<!-- Generated by org.testng.reporters.JUnitReportReporter -->
<testsuite hostname="DESKTOP-HILFICR" failures="0" tests="1" name="TestCases.LoginTestCase" time="4.599" errors="0" timestamp="2022-12-21T14:25:50 IST" skipped="0">
  <testcase classname="TestCases.LoginTestCase" name="verifyLogin" time="4.599"/>
  <system-out/>
</testsuite> <!-- TestCases.LoginTestCase -->
