<?xml version="1.0" encoding="UTF-8"?>
<!-- Generated by org.testng.reporters.JUnitReportReporter -->
<testsuite hostname="DESKTOP-HILFICR" failures="0" tests="1" name="TestCases.VerifyCartValue" time="8.167" errors="0" timestamp="2022-12-24T14:47:50 IST" skipped="0">
  <testcase classname="TestCases.VerifyCartValue" name="VerifyCartVal" time="8.167"/>
  <system-out/>
</testsuite> <!-- TestCases.VerifyCartValue -->
